None
Usage: model.py [options]

Options:
  -h, --help            show this help message and exit
  --action=ACTION       train,predict
  --report              Print a detailed classification report.
  --index_file=INDEX_FILE
                        file that contains segmented sentences and their
                        labels
  --prop_name=PROP_NAME
                        property name
  --pos_file=POSITIVE_FILE
                        file with positive examples
  --neg_file=NEGATIVE_FILE
                        file with negative examples
  --confusion_matrix    Print the confusion matrix.
  --model_file=MODEL_FILE
                        file to save the model
  --vect_file=VECT_FILE
                        file to save the vectorizer
  --prop_names_file=PROP_NAMES_FILE
                        file contains property names
  --model_dir=MODEL_DIR
                        directory contains both model and vectorizer files
  --classify_outfile=CLASSIFY_OUTFILE
                        output file that contains classification scores of all
                        sentences
  --windown_size=WINDOWN_SIZE
                        size of the windown surrounding predicting sentence
  --chi2_select=SELECT_CHI2
                        Select some number of features using a chi-squared
                        test
  --top10               Print ten most discriminative terms per class for
                        every classifier.
  --use_hashing         Use a hashing vectorizer.
  --n_features=N_FEATURES
                        n_features when using the hashing vectorizer.

description
257539
Shuffle negative examples
neg_list before shuffling
[-1, -1, -1, -1, -1, -1, -1, -1, -1, -1, -1, -1, -1, -1, -1, -1, -1, -1, -1, -1, -1, -1, -1, -1, -1, -1, -1, -1, -1, -1, -1, -1, -1, -1, -1, -1, -1, -1, -1, -1, -1, -1, -1, -1, -1, -1, -1, -1, -1, -1, -1, -1, -1, -1, -1, -1, -1, -1, -1, -1, -1.1505505852789568, -1.1244452494535775, -1.3265643718635642, 0.1476275189678121, -0.25010071487513774, -0.748722865955076, -0.7186737094640635, 0.1476275189678121, -0.2502551594542281, -0.7490166350926604, -0.7186737094640635, 0.1476275189678121, -1.0521689060271637, -1.0274445495881923, -0.4044068016775465, 0.1476275189678121, -2.211116161281833, -2.183810957503554, -0.8756859711181435, 0.5112968313485406, -0.7132620056287915, -0.7557282700211014, -0.5534996372970766, 0.1476275189678121, -0.7549818502781869, -0.9695387830168525, -0.87839872904785, 0.1476275189678121, -0.9623711427212197, -0.7804924594611746, -0.8933734579052529, 0.1476275189678121, -1.4069272275099391, -1.692633334207991, -1.2237935198600869, 0.9491683609053643, -0.5300370601127709, -0.4682099821860465, -0.5673505614581564, -0.2604231642231618, -0.29198191198926704, -0.4774804905605916, 0.03624006785168199, 0.399049745972645, -0.1966517823205296, 0.2013225783839967, 0.2893761612783511, 0.1573312801681151, -0.25010071487513774, -0.748722865955076, -0.7186737094640635, 0.1476275189678121, -0.25010071487513774, -0.748722865955076, -0.7186737094640635, 0.1476275189678121, -0.5254672539720856, -0.18598257446726207, -0.8205246046265462, -0.06736395021604069, -0.25010071487513774, -0.748722865955076, -0.7186737094640635, 0.1476275189678121]
257539
[105317 114344  27428   7206 165140 201128 127123 180062  24267  38898]
neg_list
[-0.25010071487513774, -0.748722865955076, -0.7186737094640635, 0.1476275189678121, -0.7500675481363185, -0.748722865955076, -0.7186737094640635, 0.1476275189678121, -0.25010071487513774, -0.748722865955076, -0.7186737094640635, 0.1476275189678121, -1.6235620059169913, -0.9575415443615989, -1.043672054165645, 0.1476275189678121, -1.906173740944687, 0.6698498431826458, -0.7946281702762499, -1.0995821780681012, -0.25010071487513774, -0.748722865955076, -0.7186737094640635, 0.1476275189678121, -0.8924181635129295, -0.8782526236085131, -0.6123872113756177, 0.1475844360741071, -1.7452362992060648, -0.48093767873834536, -1.5891012005867147, -0.1645984995726865, -0.5173008024630713, -0.6939376129799392, -0.34870335261851726, 0.7429155210947209, -2.0857983650393876, -2.80640070844249, -1.0651200373811192, 0.4997262234137724, -1.1867338142304784, -1.4973350357795017, -1.3787962549968795, 0.19647403906722036, -2.4431410692192737, -2.122482641437132, -1.7022372572794708, -0.5064396775666132, -0.42980692740400306, -0.7246126244259072, -0.5525653567390263, 0.07440710818409059, -0.6723458824577402, -1.1417341677035273, -0.38937393619544425, -0.21391290504278862, -0.25010071487513774, -0.748722865955076, -0.7186737094640635, 0.1476275189678121, -0.8994663000075278, -0.948284410325324, -0.9062389454093378, 0.1476275189678121, -0.6165148830980676, -1.1213757283725845, -0.3997115861462243, 0.1476275189678121, -1.944804768345388, -1.809329263207736, -0.5901133766716997, -0.9590975765936666, -1.2949262953655802, -1.075315418399918, -1.0639243947210761, 0.1475844360741071, -1.4430166413312489, -1.390538406351668, -1.5268875645455215, 0.1476275189678121, -1.0944724501746763, -0.9891593002856697, -0.7587316133926859, 0.1476275189678121, -0.6550652363676237, -0.820633801229414, -0.9382129270354036, 0.1476275189678121, -1.3723822697683998, -0.9820961139085446, -1.0498711959757823, 0.1476275189678121, -1.4637916254348053, -1.2993097839312473, -1.1380359035940093, -0.19982545718226427, -0.2829000979853379, -0.9027319627735091, -0.1723199937396065, 0.32675919920961066, -0.9437675240291834, -1.6876661747207689, -0.671643756197078, -0.2932329857674624, -0.25010071487513774, -0.748722865955076, -0.7186737094640635, 0.1476275189678121, -1, -1, -1, -1, -1, -1, -1, -1, -1, -1, -1, -1, -1, -1, -1, -1]
Number of negative examples: 7042
Number of positive examples: 7042
14084
Total number of data points: 14084
Number of data points in training data: 7042
Number of data points in test data: 7042
________________________________________________________________________________
Training: 
LinearSVC(C=1.0, class_weight=None, dual=False, fit_intercept=True,
     intercept_scaling=1, loss='squared_hinge', max_iter=1000,
     multi_class='ovr', penalty='l2', random_state=None, tol=0.001,
     verbose=0)
train time: 0.217s
test time:  0.083s
recall:   0.901
precision:   0.888
f1 score:   0.894
dimensionality: 124
density: 1.000000


None
Usage: model.py [options]

Options:
  -h, --help            show this help message and exit
  --action=ACTION       train,predict
  --report              Print a detailed classification report.
  --index_file=INDEX_FILE
                        file that contains segmented sentences and their
                        labels
  --prop_name=PROP_NAME
                        property name
  --pos_file=POSITIVE_FILE
                        file with positive examples
  --neg_file=NEGATIVE_FILE
                        file with negative examples
  --confusion_matrix    Print the confusion matrix.
  --model_file=MODEL_FILE
                        file to save the model
  --vect_file=VECT_FILE
                        file to save the vectorizer
  --prop_names_file=PROP_NAMES_FILE
                        file contains property names
  --model_dir=MODEL_DIR
                        directory contains both model and vectorizer files
  --classify_outfile=CLASSIFY_OUTFILE
                        output file that contains classification scores of all
                        sentences
  --windown_size=WINDOWN_SIZE
                        size of the windown surrounding predicting sentence
  --chi2_select=SELECT_CHI2
                        Select some number of features using a chi-squared
                        test
  --top10               Print ten most discriminative terms per class for
                        every classifier.
  --use_hashing         Use a hashing vectorizer.
  --n_features=N_FEATURES
                        n_features when using the hashing vectorizer.

title
55036
Shuffle negative examples
neg_list before shuffling
[-1, -1, -1, -1, -1, -1, -1, -1, -1, -1, -1, -1, -1, -1, -1, -1, -1, -1, -1, -1, -1, -1, -1, -1, -1, -1, -1, -1, -1, -1, -1, -1, -1, -1, -1, -1, -1, -1, -1, -1, -1, -1, -1, -1, -1, -1, -1, -1, -1, -1, -1, -1, -1, -1, -1, -1, -1, -1, -1, -1, -1.1505505852789568, -1.1244452494535775, -1.3265643718635642, 0.1476275189678121, -0.25010071487513774, -0.748722865955076, -0.7186737094640635, 0.1476275189678121, -0.2502551594542281, -0.7490166350926604, -0.7186737094640635, 0.1476275189678121, -1.0521689060271637, -1.0274445495881923, -0.4044068016775465, 0.1476275189678121, -2.211116161281833, -2.183810957503554, -0.8756859711181435, 0.5112968313485406, -0.7132620056287915, -0.7557282700211014, -0.5534996372970766, 0.1476275189678121, -0.7549818502781869, -0.9695387830168525, -0.87839872904785, 0.1476275189678121, -0.9623711427212197, -0.7804924594611746, -0.8933734579052529, 0.1476275189678121, -1.4069272275099391, -1.692633334207991, -1.2237935198600869, 0.9491683609053643, -0.5300370601127709, -0.4682099821860465, -0.5673505614581564, -0.2604231642231618, -0.29198191198926704, -0.4774804905605916, 0.03624006785168199, 0.399049745972645, -0.1966517823205296, 0.2013225783839967, 0.2893761612783511, 0.1573312801681151, -0.25010071487513774, -0.748722865955076, -0.7186737094640635, 0.1476275189678121, -0.25010071487513774, -0.748722865955076, -0.7186737094640635, 0.1476275189678121, -0.5254672539720856, -0.18598257446726207, -0.8205246046265462, -0.06736395021604069, -0.25010071487513774, -0.748722865955076, -0.7186737094640635, 0.1476275189678121]
55036
[ 8816 29543 43534 14089 23513 40783 13708 31989 20911 25329]
neg_list
[-0.9678873147634937, -0.9770367733972138, -0.5474132390398745, 0.5304698969201421, -2.1222101346607154, -1.4838423447821532, -0.501224597131298, 0.9171633639409956, -0.4982392770709546, -1.288591852411811, -1.0015805667859343, 0.93887602641688, -0.15019368133249617, -1.2470278046980212, -0.4052837240302426, 0.9920605669171558, -0.7445764325675597, -1.8770308158565128, 0.18732386181348037, 1.0308627823403544, -0.25010071487513774, -0.748722865955076, -0.7186737094640635, 0.1476275189678121, -0.25010071487513774, -0.748722865955076, -0.7186737094640635, 0.1476275189678121, -0.5254672539720856, -0.18598257446726207, -0.8205246046265462, -0.06736395021604069, -0.25010071487513774, -0.748722865955076, -0.7186737094640635, 0.1476275189678121, -0.8057510018767258, -1.3986275530178522, -0.8883986921139329, 0.1324832042871648, -0.363023183603004, -0.7401046791512312, -0.7186737094640635, 0.1476275189678121, -0.29614206178888447, -0.74953487786588, -0.3670097905981819, 0.1476275189678121, -0.09417649879305989, -0.592156871348233, -1.0334098127792308, 0.061523990223107825, -0.41500420897766366, -0.23665540622795478, -0.7099136723457928, 0.1476275189678121, -0.25010071487513774, -0.748722865955076, -0.7186737094640635, 0.1476275189678121, -1.4565410870127944, -1.3603592077611077, -0.973493633748351, -1.098524666165376, -2.8966981497489135, -2.7425191020426865, 0.8136002085800752, -0.9590975765936666, -2.3073905046335925, -1.6487054839789497, 0.9364381353674164, -1.2961536978722028, -2.003566990135588, 0.9059758445791266, -0.8138857978546733, -0.7527933576462981, -2.4811789949948606, 0.016782870255514726, -1.1047547470750607, -1.3333589665917813, -1.3498427995295204, -1.5372381386470026, 0.7606486585458744, -0.5706471360658159, -0.7177803156145623, -1.458554663783394, -0.7556586228524835, 0.1476275189678121, -0.9280037287296251, -1.0124144899773577, -1.34078970990562, 0.1476275189678121, -3.1857156542971783, 2.3175026269778494, -0.732009371087241, -1.3333589665917813, -1.294843672586484, -1.1122138328794624, -0.7236996340714582, 0.1476275189678121, -0.9517676302736279, -1.0757990398312614, -1.1171276914465587, 0.1476275189678121, -2.6701629499334647, -1.7418812917402968, -1.4279522484109521, -0.36330532505105273, -1.3980559495329585, -1.170968754003296, -0.24779943769902746, -0.2474348207016868, -0.5300370601127709, -0.4682099821860465, -0.5673505614581564, -0.2604231642231618, -0.7384555730701621, -0.24812857456022974, 0.06368314435206024, 0.1476275189678121, -0.25010071487513774, -0.748722865955076, -0.7186737094640635, 0.1476275189678121]
Number of negative examples: 1173
Number of positive examples: 1173
2346
Total number of data points: 2346
Number of data points in training data: 1173
Number of data points in test data: 1173
________________________________________________________________________________
Training: 
LinearSVC(C=1.0, class_weight=None, dual=False, fit_intercept=True,
     intercept_scaling=1, loss='squared_hinge', max_iter=1000,
     multi_class='ovr', penalty='l2', random_state=None, tol=0.001,
     verbose=0)
train time: 0.038s
test time:  0.042s
recall:   0.940
precision:   0.927
f1 score:   0.933
dimensionality: 124
density: 1.000000


None
Usage: model.py [options]

Options:
  -h, --help            show this help message and exit
  --action=ACTION       train,predict
  --report              Print a detailed classification report.
  --index_file=INDEX_FILE
                        file that contains segmented sentences and their
                        labels
  --prop_name=PROP_NAME
                        property name
  --pos_file=POSITIVE_FILE
                        file with positive examples
  --neg_file=NEGATIVE_FILE
                        file with negative examples
  --confusion_matrix    Print the confusion matrix.
  --model_file=MODEL_FILE
                        file to save the model
  --vect_file=VECT_FILE
                        file to save the vectorizer
  --prop_names_file=PROP_NAMES_FILE
                        file contains property names
  --model_dir=MODEL_DIR
                        directory contains both model and vectorizer files
  --classify_outfile=CLASSIFY_OUTFILE
                        output file that contains classification scores of all
                        sentences
  --windown_size=WINDOWN_SIZE
                        size of the windown surrounding predicting sentence
  --chi2_select=SELECT_CHI2
                        Select some number of features using a chi-squared
                        test
  --top10               Print ten most discriminative terms per class for
                        every classifier.
  --use_hashing         Use a hashing vectorizer.
  --n_features=N_FEATURES
                        n_features when using the hashing vectorizer.

recipeInstructions
448505
Shuffle negative examples
neg_list before shuffling
[-1, -1, -1, -1, -1, -1, -1, -1, -1, -1, -1, -1, -1, -1, -1, -1, -1, -1, -1, -1, -1, -1, -1, -1, -1, -1, -1, -1, -1, -1, -1, -1, -1, -1, -1, -1, -1, -1, -1, -1, -1, -1, -1, -1, -1, -1, -1, -1, -1, -1, -1, -1, -1, -1, -1, -1, -1, -1, -1, -1, -1.1505505852789568, -1.1244452494535775, -1.3265643718635642, 0.1476275189678121, -0.25010071487513774, -0.748722865955076, -0.7186737094640635, 0.1476275189678121, -0.2502551594542281, -0.7490166350926604, -0.7186737094640635, 0.1476275189678121, -1.0521689060271637, -1.0274445495881923, -0.4044068016775465, 0.1476275189678121, -2.211116161281833, -2.183810957503554, -0.8756859711181435, 0.5112968313485406, -0.7132620056287915, -0.7557282700211014, -0.5534996372970766, 0.1476275189678121, -0.7549818502781869, -0.9695387830168525, -0.87839872904785, 0.1476275189678121, -0.9623711427212197, -0.7804924594611746, -0.8933734579052529, 0.1476275189678121, -1.4069272275099391, -1.692633334207991, -1.2237935198600869, 0.9491683609053643, -0.5300370601127709, -0.4682099821860465, -0.5673505614581564, -0.2604231642231618, -0.29198191198926704, -0.4774804905605916, 0.03624006785168199, 0.399049745972645, -0.1966517823205296, 0.2013225783839967, 0.2893761612783511, 0.1573312801681151, -0.25010071487513774, -0.748722865955076, -0.7186737094640635, 0.1476275189678121, -0.25010071487513774, -0.748722865955076, -0.7186737094640635, 0.1476275189678121, -0.5254672539720856, -0.18598257446726207, -0.8205246046265462, -0.06736395021604069, -0.25010071487513774, -0.748722865955076, -0.7186737094640635, 0.1476275189678121]
448505
[ 55027 359799  29952 363037 109328 210963 124367 437909 247904 145777]
neg_list
[-2.0658652651040406, -0.3684673527608293, 0.3236439902948275, -0.599873959213364, -1.9167311591413476, -1.8395292960474012, -0.5900785920383285, -0.29625400301036664, -4.124272340046774, -2.1297343193098794, -1.0501354561723224, -0.9713404982650281, -1.3599423213111306, -1.2194147315816213, -0.2782402198616689, -0.22187390147607808, -2.222678036052846, -2.098374997789852, -0.2719536401480071, -0.7621362135807435, -0.6703456136405257, -0.9264995449015765, 0.20219772457991492, 0.5338877331108716, 1.1746201698328274, -1.143975135463503, -1.3772873787669315, -0.9018245715504561, 0.9189862659232195, -0.7902799798580109, -0.702311880925989, -0.3223133214346071, 0.8611309842278305, -0.9359577145939854, -0.7666413082771395, -0.5204010453018273, 0.8555728859241334, -0.6746156000192797, -1.0109095080877766, -0.10441007948541306, 0.9453603404752255, -0.7113325668779854, -0.7758022774990361, -1.0387346300363878, 0.7856369574157831, -1.1551894744334523, -0.1848426798437075, 0.3756699820674258, 1.342844455938751, -0.36860410187559833, -0.7815128736098365, -0.9670791125428945, 1.2623765975069465, -0.5483621108055158, -1.0490869994319383, -0.9616465676528231, 1.0845400986042242, -0.8287711930772144, -1.1578338162324409, -1.024529748219893, 1.2362943082217486, -0.8361771311375485, -0.0455649097030385, -1.2628986609962254, -1.965701966662688, 1.8274926514446106, -1.2595954156313147, -0.8188122317752383, -1.7252712450579828, 1.278070072473827, -1.2135040652162816, -1.621496958955869, -1.986808393354975, 1.8058645178215538, -1.256893340962779, -1.3694378551673883, -1.2820340714557463, 0.8859562969924186, -0.8137872272743992, -0.2552690505009162, -1.6381508225149761, 1.5479448957896418, -0.662462942358177, -0.6141688043104043, -1.321372762768362, -0.936946172501968, 1.3244704473057554, 0.1476275189678121, -0.6781395880199582, -0.6366943139753664, -0.41992753686929746, -0.5453398624704394, -0.7225146301735164, -0.491038974883485, -0.03965146315760293, -0.2731123676250955, -3.460853047847827, -2.4559467991474646, -0.22274162810834974, -0.7903723513892811, -2.1815728914228236, -1.4053959486226386, 0.9340090424426936, -1.6289248100093914, -3.1699843147629396, -1.4271194261411824, -1.7932793240888358, -0.3764976010596901, -0.8416828729828462, -0.8773388107318772, -0.7142910625080854, 0.10690702540121158, -2.1058615034560777, -2.1175351463943346, -1.192614443340861, 0.4977101630162526, 0.25402282772956186, -0.7180533390657485, -0.6871349178597134, 0.7159401624729824, -1.4587155905981326, 0.6467258672668683, -0.5252316306094592, -0.9420340799009449]
Number of negative examples: 60372
Number of positive examples: 60372
120744
Total number of data points: 120744
Number of data points in training data: 60372
Number of data points in test data: 60372
________________________________________________________________________________
Training: 
LinearSVC(C=1.0, class_weight=None, dual=False, fit_intercept=True,
     intercept_scaling=1, loss='squared_hinge', max_iter=1000,
     multi_class='ovr', penalty='l2', random_state=None, tol=0.001,
     verbose=0)
train time: 2.054s
test time:  0.689s
recall:   0.974
precision:   0.967
f1 score:   0.970
dimensionality: 124
density: 1.000000


None
Usage: model.py [options]

Options:
  -h, --help            show this help message and exit
  --action=ACTION       train,predict
  --report              Print a detailed classification report.
  --index_file=INDEX_FILE
                        file that contains segmented sentences and their
                        labels
  --prop_name=PROP_NAME
                        property name
  --pos_file=POSITIVE_FILE
                        file with positive examples
  --neg_file=NEGATIVE_FILE
                        file with negative examples
  --confusion_matrix    Print the confusion matrix.
  --model_file=MODEL_FILE
                        file to save the model
  --vect_file=VECT_FILE
                        file to save the vectorizer
  --prop_names_file=PROP_NAMES_FILE
                        file contains property names
  --model_dir=MODEL_DIR
                        directory contains both model and vectorizer files
  --classify_outfile=CLASSIFY_OUTFILE
                        output file that contains classification scores of all
                        sentences
  --windown_size=WINDOWN_SIZE
                        size of the windown surrounding predicting sentence
  --chi2_select=SELECT_CHI2
                        Select some number of features using a chi-squared
                        test
  --top10               Print ten most discriminative terms per class for
                        every classifier.
  --use_hashing         Use a hashing vectorizer.
  --n_features=N_FEATURES
                        n_features when using the hashing vectorizer.

ingredients
456879
Shuffle negative examples
neg_list before shuffling
[-1, -1, -1, -1, -1, -1, -1, -1, -1, -1, -1, -1, -1, -1, -1, -1, -1, -1, -1, -1, -1, -1, -1, -1, -1, -1, -1, -1, -1, -1, -1, -1, -1, -1, -1, -1, -1, -1, -1, -1, -1, -1, -1, -1, -1, -1, -1, -1, -1, -1, -1, -1, -1, -1, -1, -1, -1, -1, -1, -1, -1.1505505852789568, -1.1244452494535775, -1.3265643718635642, 0.1476275189678121, -0.25010071487513774, -0.748722865955076, -0.7186737094640635, 0.1476275189678121, -0.2502551594542281, -0.7490166350926604, -0.7186737094640635, 0.1476275189678121, -1.0521689060271637, -1.0274445495881923, -0.4044068016775465, 0.1476275189678121, -2.211116161281833, -2.183810957503554, -0.8756859711181435, 0.5112968313485406, -0.7132620056287915, -0.7557282700211014, -0.5534996372970766, 0.1476275189678121, -0.7549818502781869, -0.9695387830168525, -0.87839872904785, 0.1476275189678121, -0.9623711427212197, -0.7804924594611746, -0.8933734579052529, 0.1476275189678121, -1.4069272275099391, -1.692633334207991, -1.2237935198600869, 0.9491683609053643, -0.5300370601127709, -0.4682099821860465, -0.5673505614581564, -0.2604231642231618, -0.29198191198926704, -0.4774804905605916, 0.03624006785168199, 0.399049745972645, -0.1966517823205296, 0.2013225783839967, 0.2893761612783511, 0.1573312801681151, -0.25010071487513774, -0.748722865955076, -0.7186737094640635, 0.1476275189678121, -0.25010071487513774, -0.748722865955076, -0.7186737094640635, 0.1476275189678121, -0.5254672539720856, -0.18598257446726207, -0.8205246046265462, -0.06736395021604069, -0.25010071487513774, -0.748722865955076, -0.7186737094640635, 0.1476275189678121]
456879
[271575 383144 155149 125345 257703 369686 334169  24115 252286 273538]
neg_list
[-0.6821589561760066, -0.9546305284234868, -0.2036511223734434, -0.2131506741198694, -0.7384555730701621, -0.24812857456022974, 0.06368314435206024, 0.1476275189678121, -0.25010071487513774, -0.748722865955076, -0.7186737094640635, 0.1476275189678121, -1.3340459495874606, -1.1596024691621376, 0.9792843082593427, -0.8224981039322222, -0.5300370601127709, -0.4682099821860465, -0.5673505614581564, -0.2604231642231618, 0.4384329687421701, -0.3899628612798644, -0.30281560724660683, -0.18426932349004124, 1.2033330506441782, -1.4303984383085746, -0.9557062194760274, -0.506907749181019, 1.075671949466976, -0.9584293472427773, -0.31590950978234056, -0.9730364444610006, 0.5693871004470883, -0.02249816507893343, -0.6388636042289515, -0.4956909361796723, 0.6343406496905435, -1.3123526004279316, -1.0510175052289958, -0.7470790689738007, 0.8219394375638889, -0.6029690401600889, -0.3948824408861269, -0.6164439051728238, 0.36695536097560255, -0.3254497691394677, -0.7078141042116541, 0.8216151432845274, 0.41789033665628594, -1.4460920778241635, -0.403893607546407, -0.8234761667968755, 1.3122578322053549, -0.9389534640409423, -1.1103735596923858, -0.586207140980222, -1.1081261675776912, 0.4985078953612576, -0.40883724291709234, 0.1476275189678121, -1.5508354870489918, 1.2797026224732688, -1.7434301534851953, -0.6042556313945743, -0.0697990685318004, 1.1886694821970807, -0.5112526510095701, -0.9038886382752792, -2.9906289644890673, 1.9738573961918773, -1.4186454713445134, -1.0908568735181814, -3.0285061578388914, 2.350385881248642, -0.8748314514532832, -0.5134561077041956, -2.9609679349698865, 2.6115937161761464, -0.8457044423289665, -1.2802069332729946, -1.8446765101354725, -0.2373043689044545, 0.05472622810010075, -1.0282657599916551, -1.8407068429303315, -0.09088406913198888, -0.2502149200058567, -0.9543916324629932, -0.25010071487513774, -0.748722865955076, -0.7186737094640635, 0.1476275189678121, -1.321372762768362, -0.936946172501968, 1.3244704473057554, 0.1476275189678121, -2.6176147532315417, -2.3114042525510916, -0.5606694333120533, -1.1318583623272498, -1.362028891165074, -1.4929551065720725, -0.7194780688652731, 0.1476275189678121, -1.3970039126120557, -1.7161064203258571, -1.1320080637036924, -0.26967335904277656, -0.3644287709892998, -0.5614319155735961, -0.3618878177817582, 0.7449200136937425, -1.4437348902112033, -1.2100580513400967, -0.5963413407513787, 0.9411831045128491, -0.6359062838262413, -1.28703372321517, -0.050597716615021326, 0.25444849311558676, -0.09756713156108851, -1.0037401086730815, -0.4897864159856832, 0.1476275189678121]
Number of negative examples: 73596
Number of positive examples: 73596
147192
Total number of data points: 147192
Number of data points in training data: 73596
Number of data points in test data: 73596
________________________________________________________________________________
Training: 
LinearSVC(C=1.0, class_weight=None, dual=False, fit_intercept=True,
     intercept_scaling=1, loss='squared_hinge', max_iter=1000,
     multi_class='ovr', penalty='l2', random_state=None, tol=0.001,
     verbose=0)
train time: 2.936s
test time:  1.083s
recall:   0.978
precision:   0.964
f1 score:   0.971
dimensionality: 124
density: 1.000000


